Arguments: 
  /Users/ryanfarney/.nvm/versions/node/v6.10.1/bin/node /usr/local/Cellar/yarn/1.5.1_1/libexec/bin/yarn.js start

PATH: 
  /Users/ryanfarney/.nvm/versions/node/v6.10.1/bin:/Users/ryanfarney/.rvm/gems/ruby-2.3.3/bin:/Users/ryanfarney/.rvm/gems/ruby-2.3.3@global/bin:/Users/ryanfarney/.rvm/rubies/ruby-2.3.3/bin:/Users/ryanfarney/.rvm/bin:/Applications/Postgres.app/Contents/Versions/latest/bin:/usr/local:/usr/local/bin:/usr/local/sbin:/usr/bin:/usr/local/bin:/usr/bin:/bin:/usr/sbin:/sbin:/Users/ryanfarney/.gem/ruby/2.3.0/bin

Yarn version: 
  1.5.1

Node version: 
  6.10.1

Platform: 
  darwin x64

npm manifest: 
  No manifest

yarn manifest: 
  No manifest

Lockfile: 
  No lockfile

Trace: 
  Error: Couldn't find a package.json file in "/Users/ryanfarney/Desktop/Sentiment/sentimental-analysis-backend"
      at MessageError.Error (native)
      at new MessageError (/usr/local/Cellar/yarn/1.5.1_1/libexec/lib/cli.js:186:110)
      at /usr/local/Cellar/yarn/1.5.1_1/libexec/lib/cli.js:40048:15
      at next (native)
      at step (/usr/local/Cellar/yarn/1.5.1_1/libexec/lib/cli.js:98:30)
      at /usr/local/Cellar/yarn/1.5.1_1/libexec/lib/cli.js:109:13
